TN:
SF:src/modules/appointments/services/CreateAppointmentService.ts
FN:16,(anonymous_18)
FN:21,CreateAppointmentService
FN:31,(anonymous_20)
FNF:3
FNH:3
FNDA:1,(anonymous_18)
FNDA:5,CreateAppointmentService
FNDA:7,(anonymous_20)
DA:1,1
DA:2,1
DA:4,1
DA:16,1
DA:27,5
DA:28,5
DA:31,1
DA:32,7
DA:33,7
DA:34,7
DA:39,7
DA:44,7
DA:45,3
DA:51,4
DA:52,1
DA:58,3
DA:60,3
DA:61,1
DA:66,2
DA:73,2
DA:74,0
DA:83,2
DA:89,2
DA:91,4
DA:96,2
DA:98,1
DA:100,1
LF:27
LH:26
BRDA:44,0,0,3
BRDA:44,0,1,4
BRDA:51,1,0,1
BRDA:51,1,1,3
BRDA:60,2,0,1
BRDA:60,2,1,2
BRDA:60,3,0,3
BRDA:60,3,1,2
BRDA:73,4,0,0
BRDA:73,4,1,2
BRF:10
BRH:9
end_of_record
TN:
SF:src/modules/appointments/services/ListProviderAppointmentsService.ts
FN:14,(anonymous_17)
FN:17,ListProviderAppointmentsService
FN:23,(anonymous_19)
FNF:3
FNH:3
FNDA:1,(anonymous_17)
FNDA:1,ListProviderAppointmentsService
FNDA:1,(anonymous_19)
DA:1,1
DA:14,1
DA:20,1
DA:23,1
DA:24,1
DA:25,1
DA:26,1
DA:27,1
DA:29,1
DA:38,1
DA:40,1
DA:42,1
LF:12
LH:12
BRDA:29,0,0,1
BRF:1
BRH:1
end_of_record
TN:
SF:src/modules/appointments/services/ListProviderDayAvailabilityService.ts
FN:23,(anonymous_17)
FN:26,ListProviderDayAvailability
FN:32,(anonymous_19)
FN:52,(anonymous_22)
FN:57,(anonymous_23)
FN:59,(anonymous_24)
FNF:6
FNH:6
FNDA:1,(anonymous_17)
FNDA:1,ListProviderDayAvailability
FNDA:1,(anonymous_19)
FNDA:10,(anonymous_22)
FNDA:10,(anonymous_23)
FNDA:19,(anonymous_24)
DA:1,1
DA:2,1
DA:23,1
DA:29,1
DA:32,1
DA:33,1
DA:34,1
DA:35,1
DA:36,1
DA:38,1
DA:47,1
DA:49,1
DA:52,10
DA:55,1
DA:57,1
DA:58,10
DA:59,19
DA:62,10
DA:64,10
DA:75,1
DA:77,1
DA:79,1
LF:22
LH:22
BRDA:38,0,0,1
BRDA:71,1,0,10
BRDA:71,1,1,8
BRF:3
BRH:3
end_of_record
TN:
SF:src/modules/appointments/services/ListProviderMonthAvailabilityService.ts
FN:22,(anonymous_17)
FN:25,ListProviderMonthAvailability
FN:31,(anonymous_19)
FN:53,(anonymous_22)
FN:56,(anonymous_23)
FN:57,(anonymous_24)
FNF:6
FNH:6
FNDA:1,(anonymous_17)
FNDA:1,ListProviderMonthAvailability
FNDA:1,(anonymous_19)
FNDA:31,(anonymous_22)
FNDA:31,(anonymous_23)
FNDA:341,(anonymous_24)
DA:1,1
DA:2,1
DA:22,1
DA:28,1
DA:31,1
DA:32,1
DA:33,1
DA:34,1
DA:36,1
DA:44,1
DA:51,1
DA:53,31
DA:56,1
DA:57,31
DA:58,341
DA:61,31
DA:72,1
DA:74,1
DA:76,1
LF:19
LH:19
BRDA:36,0,0,1
BRF:1
BRH:1
end_of_record
TN:
SF:src/modules/appointments/services/ListProvidersService.ts
FN:11,(anonymous_17)
FN:14,ListProvidersService
FN:18,(anonymous_19)
FNF:3
FNH:3
FNDA:1,(anonymous_17)
FNDA:1,ListProvidersService
FNDA:1,(anonymous_19)
DA:1,1
DA:11,1
DA:15,1
DA:18,1
DA:19,1
DA:23,1
DA:25,1
DA:27,1
LF:8
LH:8
BRDA:19,0,0,1
BRF:1
BRH:1
end_of_record
TN:
SF:src/modules/users/services/CreateSessionService.ts
FN:22,(anonymous_18)
FN:27,CreateSessionService
FN:35,(anonymous_20)
FNF:3
FNH:3
FNDA:1,(anonymous_18)
FNDA:3,CreateSessionService
FNDA:3,(anonymous_20)
DA:1,1
DA:2,1
DA:4,1
DA:9,1
DA:22,1
DA:31,3
DA:32,3
DA:35,1
DA:36,3
DA:38,3
DA:39,1
DA:42,2
DA:47,2
DA:48,1
DA:54,1
DA:72,1
DA:77,1
DA:79,1
DA:81,1
LF:19
LH:19
BRDA:36,0,0,3
BRDA:38,1,0,1
BRDA:38,1,1,2
BRDA:47,2,0,1
BRDA:47,2,1,1
BRF:5
BRH:5
end_of_record
TN:
SF:src/modules/users/services/CreateUserService.ts
FN:16,(anonymous_18)
FN:21,CreateUserService
FN:30,(anonymous_20)
FNF:3
FNH:3
FNDA:2,(anonymous_18)
FNDA:5,CreateUserService
FNDA:5,(anonymous_20)
DA:1,2
DA:3,2
DA:16,2
DA:26,5
DA:27,5
DA:30,2
DA:31,5
DA:35,5
DA:36,1
DA:39,4
DA:43,4
DA:49,4
DA:51,2
DA:53,2
LF:14
LH:14
BRDA:31,0,0,5
BRDA:35,1,0,1
BRDA:35,1,1,4
BRF:3
BRH:3
end_of_record
TN:
SF:src/modules/users/services/ResetPasswordService.ts
FN:16,(anonymous_18)
FN:23,ResetPasswordService
FN:34,(anonymous_20)
FNF:3
FNH:3
FNDA:1,(anonymous_18)
FNDA:4,ResetPasswordService
FNDA:4,(anonymous_20)
DA:1,1
DA:2,1
DA:4,1
DA:16,1
DA:29,4
DA:30,4
DA:31,4
DA:34,4
DA:35,4
DA:37,4
DA:38,1
DA:41,3
DA:43,3
DA:44,1
DA:47,2
DA:49,2
DA:50,1
DA:53,1
DA:55,2
DA:57,1
DA:59,1
LF:21
LH:21
BRDA:35,0,0,4
BRDA:37,1,0,1
BRDA:37,1,1,3
BRDA:43,2,0,1
BRDA:43,2,1,2
BRDA:49,3,0,1
BRDA:49,3,1,1
BRF:7
BRH:7
end_of_record
TN:
SF:src/modules/users/services/SendForgotPasswordEmailService.ts
FN:15,(anonymous_18)
FN:22,SendForgotPasswordEmailService
FN:33,(anonymous_20)
FNF:3
FNH:3
FNDA:1,(anonymous_18)
FNDA:3,SendForgotPasswordEmailService
FNDA:3,(anonymous_20)
DA:1,1
DA:2,1
DA:4,1
DA:15,1
DA:28,3
DA:29,3
DA:30,3
DA:33,3
DA:34,3
DA:36,3
DA:37,1
DA:40,2
DA:42,2
DA:49,4
DA:64,1
DA:66,1
LF:16
LH:16
BRDA:34,0,0,3
BRDA:36,1,0,1
BRDA:36,1,1,2
BRF:3
BRH:3
end_of_record
TN:
SF:src/modules/users/services/ShowProfileService.ts
FN:12,(anonymous_18)
FN:15,ShowProfileService
FN:19,(anonymous_20)
FNF:3
FNH:3
FNDA:1,(anonymous_18)
FNDA:2,ShowProfileService
FNDA:2,(anonymous_20)
DA:1,1
DA:3,1
DA:12,1
DA:16,2
DA:19,2
DA:20,2
DA:22,2
DA:23,1
DA:29,1
DA:31,1
DA:33,1
DA:35,1
LF:12
LH:12
BRDA:20,0,0,2
BRDA:22,1,0,1
BRDA:22,1,1,1
BRF:3
BRH:3
end_of_record
TN:
SF:src/modules/users/services/UpdateProfileService.ts
FN:17,(anonymous_18)
FN:22,UpdateProfileService
FN:30,(anonymous_20)
FNF:3
FNH:3
FNDA:1,(anonymous_18)
FNDA:6,UpdateProfileService
FNDA:6,(anonymous_20)
DA:1,1
DA:3,1
DA:17,1
DA:26,6
DA:27,6
DA:30,1
DA:31,6
DA:32,6
DA:33,6
DA:34,6
DA:35,6
DA:37,6
DA:39,6
DA:40,1
DA:46,5
DA:48,5
DA:49,1
DA:52,4
DA:53,4
DA:55,4
DA:56,1
DA:61,4
DA:62,2
DA:67,2
DA:68,1
DA:71,1
DA:74,2
DA:76,1
DA:78,1
LF:29
LH:29
BRDA:37,0,0,6
BRDA:37,0,1,2
BRDA:39,1,0,1
BRDA:39,1,1,5
BRDA:48,2,0,1
BRDA:48,2,1,4
BRDA:48,3,0,5
BRDA:48,3,1,1
BRDA:55,4,0,1
BRDA:55,4,1,3
BRDA:55,5,0,4
BRDA:55,5,1,3
BRDA:61,6,0,1
BRDA:61,6,1,2
BRDA:61,7,0,3
BRDA:61,7,1,2
BRDA:67,8,0,1
BRDA:67,8,1,1
BRF:18
BRH:18
end_of_record
TN:
SF:src/modules/users/services/UpdateUserAvatarService.ts
FN:14,(anonymous_18)
FN:19,UpdateUserAvatarService
FN:27,(anonymous_20)
FNF:3
FNH:3
FNDA:1,(anonymous_18)
FNDA:3,UpdateUserAvatarService
FNDA:4,(anonymous_20)
DA:1,1
DA:3,1
DA:14,1
DA:23,3
DA:24,3
DA:27,4
DA:28,4
DA:30,4
DA:31,1
DA:40,5
DA:44,2
DA:50,3
DA:52,3
DA:57,6
DA:59,3
DA:61,1
DA:63,1
LF:17
LH:17
BRDA:28,0,0,4
BRDA:28,0,1,3
BRDA:30,1,0,1
BRDA:30,1,1,3
BRDA:40,2,0,2
BRDA:40,2,1,1
BRF:6
BRH:6
end_of_record
